This is pdfTeX, Version 3.14159265-2.6-1.40.18 (MiKTeX 2.9.6350 64-bit) (preloaded format=pdflatex 2017.9.13)  27 OCT 2018 00:25
entering extended mode
**./modelo_utfpr.tex
(modelo_utfpr.tex
LaTeX2e <2017-04-15>
Babel <3.10> and hyphenation patterns for 75 language(s) loaded.
(normas-utf-tex.cls (cvs-id.def)
Document Class: normas-utf-tex 2011/06/19 v2.0
("C:\Program Files\MiKTeX 2.9\tex\generic\babel\babel.sty"
Package: babel 2017/05/19 3.10 The Babel package

*************************************
* Local config file bblopts.cfg used
*
("C:\Program Files\MiKTeX 2.9\tex\latex\arabi\bblopts.cfg"
File: bblopts.cfg 2005/09/08 v0.1 add Arabic and Farsi to "declared" options of
 babel
)
("C:\Program Files\MiKTeX 2.9\tex\latex\babel-portuges\portuges.ldf"
Language: portuges 2008/03/18 v1.2q Portuguese support from the babel system

("C:\Program Files\MiKTeX 2.9\tex\generic\babel\babel.def"
File: babel.def 2017/05/19 3.10 Babel common definitions
\babel@savecnt=\count79
\U@D=\dimen102
)
\l@brazil = a dialect from \language\l@portuges 
Package babel Info: Making " an active character on input line 145.
))
("C:\Program Files\MiKTeX 2.9\tex\latex\base\inputenc.sty"
Package: inputenc 2015/03/17 v1.2c Input encoding file
\inpenc@prehook=\toks14
\inpenc@posthook=\toks15

("C:\Program Files\MiKTeX 2.9\tex\latex\base\latin1.def"
File: latin1.def 2015/03/17 v1.2c Input encoding file
))
("C:\Program Files\MiKTeX 2.9\tex\latex\base\ifthen.sty"
Package: ifthen 2014/09/29 v1.1c Standard LaTeX ifthen package (DPC)
)
("C:\Program Files\MiKTeX 2.9\tex\latex\lastpage\lastpage.sty"
Package: lastpage 2015/03/29 v1.2m Refers to last page's name (HMM; JPG)
)
("C:\Program Files\MiKTeX 2.9\tex\latex\bigfoot\perpage.sty"
Package: perpage 2014/10/25 2.0 Reset/sort counters per page
\c@abspage=\count80
)
("C:\Program Files\MiKTeX 2.9\tex\latex\fancyhdr\fancyhdr.sty"
Package: fancyhdr 2017/06/30 v3.9a Extensive control of page headers and footer
s
\f@nch@headwidth=\skip41
\f@nch@O@elh=\skip42
\f@nch@O@erh=\skip43
\f@nch@O@olh=\skip44
\f@nch@O@orh=\skip45
\f@nch@O@elf=\skip46
\f@nch@O@erf=\skip47
\f@nch@O@olf=\skip48
\f@nch@O@orf=\skip49
)
("C:\Program Files\MiKTeX 2.9\tex\latex\xcolor\xcolor.sty"
Package: xcolor 2016/05/11 v2.12 LaTeX color extensions (UK)

("C:\Program Files\MiKTeX 2.9\tex\latex\graphics-cfg\color.cfg"
File: color.cfg 2016/01/02 v1.6 sample color configuration
)
Package xcolor Info: Driver file: pdftex.def on input line 225.

("C:\Program Files\MiKTeX 2.9\tex\latex\graphics-def\pdftex.def"
File: pdftex.def 2017/01/12 v0.06k Graphics/color for pdfTeX

("C:\Program Files\MiKTeX 2.9\tex\generic\oberdiek\infwarerr.sty"
Package: infwarerr 2016/05/16 v1.4 Providing info/warning/error messages (HO)
)
("C:\Program Files\MiKTeX 2.9\tex\generic\oberdiek\ltxcmds.sty"
Package: ltxcmds 2016/05/16 v1.23 LaTeX kernel commands for general use (HO)
)
\Gread@gobject=\count81
)
Package xcolor Info: Model `cmy' substituted by `cmy0' on input line 1348.
Package xcolor Info: Model `hsb' substituted by `rgb' on input line 1352.
Package xcolor Info: Model `RGB' extended on input line 1364.
Package xcolor Info: Model `HTML' substituted by `rgb' on input line 1366.
Package xcolor Info: Model `Hsb' substituted by `hsb' on input line 1367.
Package xcolor Info: Model `tHsb' substituted by `hsb' on input line 1368.
Package xcolor Info: Model `HSB' substituted by `hsb' on input line 1369.
Package xcolor Info: Model `Gray' substituted by `gray' on input line 1370.
Package xcolor Info: Model `wave' substituted by `hsb' on input line 1371.
) (abnt.cls
(cvs-id.def)
Document Class: abnt 2006/09/09 v1.32 Classe abnt (NBR6024, NBR6027, NBR6028, N
BR14724)
("C:\Program Files\MiKTeX 2.9\tex\latex\tools\calc.sty"
Package: calc 2014/10/28 v4.3 Infix arithmetic (KKT,FJ)
\calc@Acount=\count82
\calc@Bcount=\count83
\calc@Adimen=\dimen103
\calc@Bdimen=\dimen104
\calc@Askip=\skip50
\calc@Bskip=\skip51
LaTeX Info: Redefining \setlength on input line 80.
LaTeX Info: Redefining \addtolength on input line 81.
\calc@Ccount=\count84
\calc@Cskip=\skip52
)
("C:\Program Files\MiKTeX 2.9\tex\latex\tools\multicol.sty"
Package: multicol 2017/04/11 v1.8q multicolumn formatting (FMi)
\c@tracingmulticols=\count85
\mult@box=\box26
\multicol@leftmargin=\dimen105
\c@unbalance=\count86
\c@collectmore=\count87
\doublecol@number=\count88
\multicoltolerance=\count89
\multicolpretolerance=\count90
\full@width=\dimen106
\page@free=\dimen107
\premulticols=\dimen108
\postmulticols=\dimen109
\multicolsep=\skip53
\multicolbaselineskip=\skip54
\partial@page=\box27
\last@line=\box28
\maxbalancingoverflow=\dimen110
\mult@rightbox=\box29
\mult@grightbox=\box30
\mult@gfirstbox=\box31
\mult@firstbox=\box32
\@tempa=\box33
\@tempa=\box34
\@tempa=\box35
\@tempa=\box36
\@tempa=\box37
\@tempa=\box38
\@tempa=\box39
\@tempa=\box40
\@tempa=\box41
\@tempa=\box42
\@tempa=\box43
\@tempa=\box44
\@tempa=\box45
\@tempa=\box46
\@tempa=\box47
\@tempa=\box48
\@tempa=\box49
\c@columnbadness=\count91
\c@finalcolumnbadness=\count92
\last@try=\dimen111
\multicolovershoot=\dimen112
\multicolundershoot=\dimen113
\mult@nat@firstbox=\box50
\colbreak@box=\box51
\mc@col@check@num=\count93
) (abntex-abrev.sty
(cvs-id.def)
Package: abntex-abrev 2005/11/14 v1.4 Abreviacoes
 (nbr10522-1988.def (cvs-id.def)
File: nbr10522-1988.def 2003/10/13 v1.2 Abreviacoes bibliograficas (NBR10522:19
88)
) (abntex-abrev-pt_BR.def
(cvs-id.def)
File: abntex-abrev-pt_BR.def 2005/11/14 v1.3 definicao de abntex-abrev, traduca
o de termos en_US/pt_BR
)) (abntex-text.sty (cvs-id.def)
Package: abntex-text 2005/11/14 v1.1 abnTeX text replacements
 (abntex-text-pt_BR.def (cvs-id.def)
File: abntex-text-pt_BR.def 2005/12/21 v1.2 Definicao de nomes em Portugues/Bra
sil (pt_BR)
)) (abntex-default-design.sty (cvs-id.def)
Package: abntex-default-design 2005/06/22 v1.2 Definicoes de design padrao do a
bntex

("C:\Program Files\MiKTeX 2.9\tex\latex\ltxmisc\relsize.sty"
Package: relsize 2003/07/04 ver 3.1


Package relsize Warning: Failed to get list of font sizes.
(relsize)                Falling back to old definition. on input line 81.

)
\ABNTanapindent=\skip55
\ABNTsignwidth=\skip56
\ABNTsignthickness=\skip57
\ABNTsignskip=\skip58
) (nbr6027-1989.def) (nbr14724-2001.def)
("C:\Program Files\MiKTeX 2.9\tex\latex\base\report.cls"
Document Class: report 2014/09/29 v1.4h Standard LaTeX document class
("C:\Program Files\MiKTeX 2.9\tex\latex\base\size12.clo"
File: size12.clo 2014/09/29 v1.4h Standard LaTeX file (size option)
)
\c@part=\count94
\c@chapter=\count95
\c@section=\count96
\c@subsection=\count97
\c@subsubsection=\count98
\c@paragraph=\count99
\c@subparagraph=\count100
\c@figure=\count101
\c@table=\count102
\abovecaptionskip=\skip59
\belowcaptionskip=\skip60
\bibindent=\dimen114
)
("C:\Program Files\MiKTeX 2.9\tex\latex\setspace\setspace.sty"
Package: setspace 2011/12/19 v6.7a set line spacing
)
("C:\Program Files\MiKTeX 2.9\tex\latex\psnfss\mathptmx.sty"
Package: mathptmx 2005/04/12 PSNFSS-v9.2a Times w/ Math, improved (SPQR, WaS) 
LaTeX Font Info:    Redeclaring symbol font `operators' on input line 28.
LaTeX Font Info:    Overwriting symbol font `operators' in version `normal'
(Font)                  OT1/cmr/m/n --> OT1/ztmcm/m/n on input line 28.
LaTeX Font Info:    Overwriting symbol font `operators' in version `bold'
(Font)                  OT1/cmr/bx/n --> OT1/ztmcm/m/n on input line 28.
LaTeX Font Info:    Redeclaring symbol font `letters' on input line 29.
LaTeX Font Info:    Overwriting symbol font `letters' in version `normal'
(Font)                  OML/cmm/m/it --> OML/ztmcm/m/it on input line 29.
LaTeX Font Info:    Overwriting symbol font `letters' in version `bold'
(Font)                  OML/cmm/b/it --> OML/ztmcm/m/it on input line 29.
LaTeX Font Info:    Redeclaring symbol font `symbols' on input line 30.
LaTeX Font Info:    Overwriting symbol font `symbols' in version `normal'
(Font)                  OMS/cmsy/m/n --> OMS/ztmcm/m/n on input line 30.
LaTeX Font Info:    Overwriting symbol font `symbols' in version `bold'
(Font)                  OMS/cmsy/b/n --> OMS/ztmcm/m/n on input line 30.
LaTeX Font Info:    Redeclaring symbol font `largesymbols' on input line 31.
LaTeX Font Info:    Overwriting symbol font `largesymbols' in version `normal'
(Font)                  OMX/cmex/m/n --> OMX/ztmcm/m/n on input line 31.
LaTeX Font Info:    Overwriting symbol font `largesymbols' in version `bold'
(Font)                  OMX/cmex/m/n --> OMX/ztmcm/m/n on input line 31.
\symbold=\mathgroup4
\symitalic=\mathgroup5
LaTeX Font Info:    Redeclaring math alphabet \mathbf on input line 34.
LaTeX Font Info:    Overwriting math alphabet `\mathbf' in version `normal'
(Font)                  OT1/cmr/bx/n --> OT1/ptm/bx/n on input line 34.
LaTeX Font Info:    Overwriting math alphabet `\mathbf' in version `bold'
(Font)                  OT1/cmr/bx/n --> OT1/ptm/bx/n on input line 34.
LaTeX Font Info:    Redeclaring math alphabet \mathit on input line 35.
LaTeX Font Info:    Overwriting math alphabet `\mathit' in version `normal'
(Font)                  OT1/cmr/m/it --> OT1/ptm/m/it on input line 35.
LaTeX Font Info:    Overwriting math alphabet `\mathit' in version `bold'
(Font)                  OT1/cmr/bx/it --> OT1/ptm/m/it on input line 35.
LaTeX Info: Redefining \hbar on input line 50.
)
("C:\Program Files\MiKTeX 2.9\tex\latex\psnfss\helvet.sty"
Package: helvet 2005/04/12 PSNFSS-v9.2a (WaS) 

("C:\Program Files\MiKTeX 2.9\tex\latex\graphics\keyval.sty"
Package: keyval 2014/10/28 v1.15 key=value parser (DPC)
\KV@toks@=\toks16
))
("C:\Program Files\MiKTeX 2.9\tex\latex\tools\indentfirst.sty"
Package: indentfirst 1995/11/23 v1.03 Indent first paragraph (DPC)
))
\c@absfigure=\count103
\c@abstable=\count104
\c@absequation=\count105
) (abntcite.sty (cvs-id.def)
Package: abntcite 2006/04/25 v1.30 Chamadas de referencias no texto (NBR10520, 
NBR10522)
\minimumbiblabelwidth=\skip61
\ABCIauxlen=\skip62
\c@ABCIaux=\count106
\c@ABCImax=\count107
 (nbr10520-2002.def (cvs-id.def)
File: nbr10520-2002.def 2006/04/25 v1.4 Definicoes para abntcite (NBR10520:2002
)
)
\biblabelsep=\skip63
LaTeX Info: Redefining \newblock on input line 466.
LaTeX Info: Redefining \cite on input line 493.
\ABCItoken=\toks17
)
("C:\Program Files\MiKTeX 2.9\tex\latex\tools\longtable.sty"
Package: longtable 2014/10/28 v4.11 Multi-page Table package (DPC)
\LTleft=\skip64
\LTright=\skip65
\LTpre=\skip66
\LTpost=\skip67
\LTchunksize=\count108
\LTcapwidth=\dimen115
\LT@head=\box52
\LT@firsthead=\box53
\LT@foot=\box54
\LT@lastfoot=\box55
\LT@cols=\count109
\LT@rows=\count110
\c@LT@tables=\count111
\c@LT@chunks=\count112
\LT@p@ftn=\toks18
)
("C:\Program Files\MiKTeX 2.9\tex\latex\amsmath\amsmath.sty"
Package: amsmath 2016/11/05 v2.16a AMS math features
\@mathmargin=\skip68

For additional information on amsmath, use the `?' option.
("C:\Program Files\MiKTeX 2.9\tex\latex\amsmath\amstext.sty"
Package: amstext 2000/06/29 v2.01 AMS text

("C:\Program Files\MiKTeX 2.9\tex\latex\amsmath\amsgen.sty"
File: amsgen.sty 1999/11/30 v2.0 generic functions
\@emptytoks=\toks19
\ex@=\dimen116
))
("C:\Program Files\MiKTeX 2.9\tex\latex\amsmath\amsbsy.sty"
Package: amsbsy 1999/11/29 v1.2d Bold Symbols
\pmbraise@=\dimen117
)
("C:\Program Files\MiKTeX 2.9\tex\latex\amsmath\amsopn.sty"
Package: amsopn 2016/03/08 v2.02 operator names
)
\inf@bad=\count113
LaTeX Info: Redefining \frac on input line 213.
\uproot@=\count114
\leftroot@=\count115
LaTeX Info: Redefining \overline on input line 375.
\classnum@=\count116
\DOTSCASE@=\count117
LaTeX Info: Redefining \ldots on input line 472.
LaTeX Info: Redefining \dots on input line 475.
LaTeX Info: Redefining \cdots on input line 596.
\Mathstrutbox@=\box56
\strutbox@=\box57
\big@size=\dimen118
LaTeX Font Info:    Redeclaring font encoding OML on input line 712.
LaTeX Font Info:    Redeclaring font encoding OMS on input line 713.
\macc@depth=\count118
\c@MaxMatrixCols=\count119
\dotsspace@=\muskip10
\c@parentequation=\count120
\dspbrk@lvl=\count121
\tag@help=\toks20
\row@=\count122
\column@=\count123
\maxfields@=\count124
\andhelp@=\toks21
\eqnshift@=\dimen119
\alignsep@=\dimen120
\tagshift@=\dimen121
\tagwidth@=\dimen122
\totwidth@=\dimen123
\lineht@=\dimen124
\@envbody=\toks22
\multlinegap=\skip69
\multlinetaggap=\skip70
\mathdisplay@stack=\toks23
LaTeX Info: Redefining \[ on input line 2817.
LaTeX Info: Redefining \] on input line 2818.
)
("C:\Program Files\MiKTeX 2.9\tex\latex\amsfonts\amsfonts.sty"
Package: amsfonts 2013/01/14 v3.01 Basic AMSFonts support
\symAMSa=\mathgroup6
\symAMSb=\mathgroup7
LaTeX Font Info:    Overwriting math alphabet `\mathfrak' in version `bold'
(Font)                  U/euf/m/n --> U/euf/b/n on input line 106.
)
("C:\Program Files\MiKTeX 2.9\tex\latex\amsfonts\amssymb.sty"
Package: amssymb 2013/01/14 v3.01 AMS font symbols
)
("C:\Program Files\MiKTeX 2.9\tex\latex\graphics\graphicx.sty"
Package: graphicx 2014/10/28 v1.0g Enhanced LaTeX Graphics (DPC,SPQR)

("C:\Program Files\MiKTeX 2.9\tex\latex\graphics\graphics.sty"
Package: graphics 2017/04/14 v1.1b Standard LaTeX Graphics (DPC,SPQR)

("C:\Program Files\MiKTeX 2.9\tex\latex\graphics\trig.sty"
Package: trig 2016/01/03 v1.10 sin cos tan (DPC)
)
("C:\Program Files\MiKTeX 2.9\tex\latex\graphics-cfg\graphics.cfg"
File: graphics.cfg 2016/06/04 v1.11 sample graphics configuration
)
Package graphics Info: Driver file: pdftex.def on input line 99.
)
\Gin@req@height=\dimen125
\Gin@req@width=\dimen126
)
("C:\Program Files\MiKTeX 2.9\tex\latex\psnfss\times.sty"
Package: times 2005/04/12 PSNFSS-v9.2a (SPQR) 
)
("C:\Program Files\MiKTeX 2.9\tex\latex\chngcntr\chngcntr.sty"
Package: chngcntr 2009/09/02 v1.0a change counter resetting
)
("C:\Program Files\MiKTeX 2.9\tex\latex\float\float.sty"
Package: float 2001/11/08 v1.3d Float enhancements (AL)
\c@float@type=\count125
\float@exts=\toks24
\float@box=\box58
\@float@everytoks=\toks25
\@floatcapt=\box59
)
("C:\Program Files\MiKTeX 2.9\tex\latex\tools\array.sty"
Package: array 2016/10/06 v2.4d Tabular extension package (FMi)
\col@sep=\dimen127
\extrarowheight=\dimen128
\NC@list=\toks26
\extratabsurround=\skip71
\backup@length=\skip72
)
("C:\Program Files\MiKTeX 2.9\tex\latex\multirow\multirow.sty"
Package: multirow 2016/11/25 v2.2 Span multiple rows of a table
\multirow@colwidth=\skip73
\multirow@cntb=\count126
\multirow@dima=\skip74
\bigstrutjot=\dimen129
)
(modelo_utfpr.aux (Capitulos/capitulo1.aux) (Capitulos/capitulo2.aux)
(Capitulos/capitulo3.aux

LaTeX Warning: Label `fig:cerebot' multiply defined.

) (Capitulos/capitulo4.aux

LaTeX Warning: Label `fig:tcpethernet' multiply defined.

) (Capitulos/capitulo5.aux

LaTeX Warning: Label `fig:me3' multiply defined.


LaTeX Warning: Label `fig:me3' multiply defined.


LaTeX Warning: Label `fig:me3' multiply defined.


LaTeX Warning: Label `fig:me3' multiply defined.


LaTeX Warning: Label `fig:me3' multiply defined.

) (Capitulos/capitulo6.aux

LaTeX Warning: Label `sec:spi' multiply defined.

))
\openout1 = `modelo_utfpr.aux'.

LaTeX Font Info:    Checking defaults for OML/cmm/m/it on input line 91.
LaTeX Font Info:    ... okay on input line 91.
LaTeX Font Info:    Checking defaults for T1/cmr/m/n on input line 91.
LaTeX Font Info:    ... okay on input line 91.
LaTeX Font Info:    Checking defaults for OT1/cmr/m/n on input line 91.
LaTeX Font Info:    ... okay on input line 91.
LaTeX Font Info:    Checking defaults for OMS/cmsy/m/n on input line 91.
LaTeX Font Info:    ... okay on input line 91.
LaTeX Font Info:    Checking defaults for OMX/cmex/m/n on input line 91.
LaTeX Font Info:    ... okay on input line 91.
LaTeX Font Info:    Checking defaults for U/cmr/m/n on input line 91.
LaTeX Font Info:    ... okay on input line 91.
LaTeX Font Info:    Try loading font information for OT1+ptm on input line 91.
 ("C:\Program Files\MiKTeX 2.9\tex\latex\psnfss\ot1ptm.fd"
File: ot1ptm.fd 2001/06/04 font definitions for OT1/ptm.
)
Package lastpage Info: Please have a look at the pageslts package at
(lastpage)             https://www.ctan.org/pkg/pageslts
(lastpage)             ! on input line 91.

("C:\Program Files\MiKTeX 2.9\tex\context\base\supp-pdf.mkii"
[Loading MPS to PDF converter (version 2006.09.02).]
\scratchcounter=\count127
\scratchdimen=\dimen130
\scratchbox=\box60
\nofMPsegments=\count128
\nofMParguments=\count129
\everyMPshowfont=\toks27
\MPscratchCnt=\count130
\MPscratchDim=\dimen131
\MPnumerator=\count131
\makeMPintoPDFobject=\count132
\everyMPtoPDFconversion=\toks28
) ("C:\Program Files\MiKTeX 2.9\tex\generic\oberdiek\pdftexcmds.sty"
Package: pdftexcmds 2017/03/19 v0.25 Utility functions of pdfTeX for LuaTeX (HO
)

("C:\Program Files\MiKTeX 2.9\tex\generic\oberdiek\ifluatex.sty"
Package: ifluatex 2016/05/16 v1.4 Provides the ifluatex switch (HO)
Package ifluatex Info: LuaTeX not detected.
)
("C:\Program Files\MiKTeX 2.9\tex\generic\oberdiek\ifpdf.sty"
Package: ifpdf 2017/03/15 v3.2 Provides the ifpdf switch
)
Package pdftexcmds Info: LuaTeX not detected.
Package pdftexcmds Info: \pdf@primitive is available.
Package pdftexcmds Info: \pdf@ifprimitive is available.
Package pdftexcmds Info: \pdfdraftmode found.
)
("C:\Program Files\MiKTeX 2.9\tex\latex\oberdiek\epstopdf-base.sty"
Package: epstopdf-base 2016/05/15 v2.6 Base part for package epstopdf

("C:\Program Files\MiKTeX 2.9\tex\latex\oberdiek\grfext.sty"
Package: grfext 2016/05/16 v1.2 Manage graphics extensions (HO)

("C:\Program Files\MiKTeX 2.9\tex\generic\oberdiek\kvdefinekeys.sty"
Package: kvdefinekeys 2016/05/16 v1.4 Define keys (HO)
))
("C:\Program Files\MiKTeX 2.9\tex\latex\oberdiek\kvoptions.sty"
Package: kvoptions 2016/05/16 v3.12 Key value format for package options (HO)

("C:\Program Files\MiKTeX 2.9\tex\generic\oberdiek\kvsetkeys.sty"
Package: kvsetkeys 2016/05/16 v1.17 Key value parser (HO)

("C:\Program Files\MiKTeX 2.9\tex\generic\oberdiek\etexcmds.sty"
Package: etexcmds 2016/05/16 v1.6 Avoid name clashes with e-TeX commands (HO)
Package etexcmds Info: Could not find \expanded.
(etexcmds)             That can mean that you are not using pdfTeX 1.50 or
(etexcmds)             that some package has redefined \expanded.
(etexcmds)             In the latter case, load this package earlier.
)))
Package epstopdf-base Info: Redefining graphics rule for `.eps' on input line 4
38.
Package grfext Info: Graphics extension search list:
(grfext)             [.png,.pdf,.jpg,.mps,.jpeg,.jbig2,.jb2,.PNG,.PDF,.JPG,.JPE
G,.JBIG2,.JB2,.eps]
(grfext)             \AppendGraphicsExtensions on input line 456.
)
LaTeX Font Info:    Font shape `OT1/ptm/bx/n' in size <14.4> not available
(Font)              Font shape `OT1/ptm/b/n' tried instead on input line 93.
LaTeX Font Info:    Try loading font information for OT1+ztmcm on input line 93
.

("C:\Program Files\MiKTeX 2.9\tex\latex\psnfss\ot1ztmcm.fd"
File: ot1ztmcm.fd 2000/01/03 Fontinst v1.801 font definitions for OT1/ztmcm.
)
LaTeX Font Info:    Try loading font information for OML+ztmcm on input line 93
.

("C:\Program Files\MiKTeX 2.9\tex\latex\psnfss\omlztmcm.fd"
File: omlztmcm.fd 2000/01/03 Fontinst v1.801 font definitions for OML/ztmcm.
)
LaTeX Font Info:    Try loading font information for OMS+ztmcm on input line 93
.

("C:\Program Files\MiKTeX 2.9\tex\latex\psnfss\omsztmcm.fd"
File: omsztmcm.fd 2000/01/03 Fontinst v1.801 font definitions for OMS/ztmcm.
)
LaTeX Font Info:    Try loading font information for OMX+ztmcm on input line 93
.

("C:\Program Files\MiKTeX 2.9\tex\latex\psnfss\omxztmcm.fd"
File: omxztmcm.fd 2000/01/03 Fontinst v1.801 font definitions for OMX/ztmcm.
)
LaTeX Font Info:    Font shape `OT1/ptm/bx/n' in size <12> not available
(Font)              Font shape `OT1/ptm/b/n' tried instead on input line 93.
LaTeX Font Info:    Font shape `OT1/ptm/bx/n' in size <9> not available
(Font)              Font shape `OT1/ptm/b/n' tried instead on input line 93.
LaTeX Font Info:    Font shape `OT1/ptm/bx/n' in size <7> not available
(Font)              Font shape `OT1/ptm/b/n' tried instead on input line 93.
 [1

{C:/ProgramData/MiKTeX/2.9/pdftex/config/pdftex.map}]
Underfull \hbox (badness 1466) in paragraph at lines 94--94
\OT1/ptm/m/n/12 curso de En-ge-nha-ria de Con-trole e Automa[][]ao
 []

[1] <brasao.png, id=10, 260.8947pt x 261.6174pt>
File: brasao.png Graphic file (type png)
 <use brasao.png>
Package pdftex.def Info: brasao.png used on input line 95.
(pdftex.def)             Requested size: 62.59605pt x 62.76949pt.

<logo-utfpr.png, id=12, 48.56544pt x 17.77843pt>
File: logo-utfpr.png Graphic file (type png)
 <use logo-utfpr.png>
Package pdftex.def Info: logo-utfpr.png used on input line 95.
(pdftex.def)             Requested size: 85.35826pt x 31.24886pt.


Package Fancyhdr Warning: \headheight is too small (59.40894pt): 
 Make it at least 70.14018pt.
 We now make it that large for the rest of the document.
 This may cause the page layout to be inconsistent, however.


Package Fancyhdr Warning: \footskip is too small (0.0pt): 
 Make it at least 10.14995pt.
 We now make it that large for the rest of the document.
 This may cause the page layout to be inconsistent, however.

[1 <./brasao.png> <./logo-utfpr.png>] [2



] [3


] (modelo_utfpr.lof [4

])
\tf@lof=\write3
\openout3 = `modelo_utfpr.lof'.

 [5]
(modelo_utfpr.lot)
\tf@lot=\write4
\openout4 = `modelo_utfpr.lot'.

 [6

] (modelo_utfpr.toc [7


])
\tf@toc=\write5
\openout5 = `modelo_utfpr.toc'.

 [8]
\openout2 = `./Capitulos/capitulo1.aux'.

 (Capitulos/capitulo1.tex
Cap\'{\i }tulo 1.
[10



] [11]
Overfull \hbox (1.61057pt too wide) in paragraph at lines 35--36
[]\OT1/ptm/m/n/12 O ob-je-tivo deste tra-ba-lho []e o de-sen-vol-vi-mento do fi
rmware para um sis-tema de detec[][]ao
 []


Overfull \hbox (42.72594pt too wide) in paragraph at lines 43--44
[]\OT1/ptm/m/n/12 Configurar uma in-ter-face de comunica[][]ao se-rial SPI en-t
re o mi-cro-con-tro-la-dor PIC32MX795F512L
 []


Overfull \hbox (6.98665pt too wide) in paragraph at lines 53--54
[]\OT1/ptm/m/n/12 No cap[]tulo 3 []e feita uma descri[][]ao com-pleta do Sis-t
ema de Mo-ni-to-ra-mento de Varia[][]oes
 []

[12]) [13]
\openout2 = `./Capitulos/capitulo2.aux'.

 (Capitulos/capitulo2.tex
Cap\'{\i }tulo 2.
LaTeX Font Info:    Font shape `OT1/ptm/bx/n' in size <10.95> not available
(Font)              Font shape `OT1/ptm/b/n' tried instead on input line 20.
LaTeX Font Info:    Font shape `OT1/ptm/bx/n' in size <8> not available
(Font)              Font shape `OT1/ptm/b/n' tried instead on input line 20.
LaTeX Font Info:    Font shape `OT1/ptm/bx/n' in size <6> not available
(Font)              Font shape `OT1/ptm/b/n' tried instead on input line 20.
<./Figuras/faixa_tensao.jpg, id=54, 642.90187pt x 490.83376pt>
File: ./Figuras/faixa_tensao.jpg Graphic file (type jpg)

<use ./Figuras/faixa_tensao.jpg>
Package pdftex.def Info: ./Figuras/faixa_tensao.jpg used on input line 22.
(pdftex.def)             Requested size: 284.53557pt x 217.23325pt.
 [14



] [15 <./Figuras/faixa_tensao.jpg>]
<./Figuras/magnitude.jpg, id=65, 762.59906pt x 523.9575pt>
File: ./Figuras/magnitude.jpg Graphic file (type jpg)

<use ./Figuras/magnitude.jpg>
Package pdftex.def Info: ./Figuras/magnitude.jpg used on input line 71.
(pdftex.def)             Requested size: 284.51941pt x 195.4842pt.
 [16 <./Figuras/magnitude.jpg>]
Underfull \hbox (badness 10000) in paragraph at lines 98--98
[]|\OT1/ptm/b/n/12 Amplitude da
 []


Overfull \hbox (19.63322pt too wide) in paragraph at lines 98--99
 [][] 
 []

<./Figuras/int1.jpg, id=69, 931.98187pt x 326.72063pt>
File: ./Figuras/int1.jpg Graphic file (type jpg)

<use ./Figuras/int1.jpg>
Package pdftex.def Info: ./Figuras/int1.jpg used on input line 116.
(pdftex.def)             Requested size: 341.42911pt x 119.69324pt.
 [17]
<./Figuras/int2.jpg, id=73, 931.22906pt x 304.13625pt>
File: ./Figuras/int2.jpg Graphic file (type jpg)

<use ./Figuras/int2.jpg>
Package pdftex.def Info: ./Figuras/int2.jpg used on input line 125.
(pdftex.def)             Requested size: 341.4233pt x 111.50768pt.
 <./Figuras/sag1.jpg, id=74, 924.45375pt x 331.2375pt>
File: ./Figuras/sag1.jpg Graphic file (type jpg)

<use ./Figuras/sag1.jpg>
Package pdftex.def Info: ./Figuras/sag1.jpg used on input line 138.
(pdftex.def)             Requested size: 341.43597pt x 122.33861pt.
 [18 <./Figuras/int1.jpg> <./Figuras/int2.jpg>]
<./Figuras/sag2.jpg, id=79, 933.4875pt x 327.47343pt>
File: ./Figuras/sag2.jpg Graphic file (type jpg)
 <use ./Figuras/sag2.jpg>
Package pdftex.def Info: ./Figuras/sag2.jpg used on input line 147.
(pdftex.def)             Requested size: 341.42517pt x 119.77415pt.

<./Figuras/swell1.jpg, id=80, 885.3075pt x 292.09125pt>
File: ./Figuras/swell1.jpg Graphic file (type jpg)

<use ./Figuras/swell1.jpg>
Package pdftex.def Info: ./Figuras/swell1.jpg used on input line 160.
(pdftex.def)             Requested size: 341.43207pt x 112.64934pt.
 [19 <./Figuras/sag1.jpg> <./Figuras/sag2.jpg>]
<./Figuras/swell2.jpg, id=84, 889.82437pt x 301.125pt>
File: ./Figuras/swell2.jpg Graphic file (type jpg)

<use ./Figuras/swell2.jpg>
Package pdftex.def Info: ./Figuras/swell2.jpg used on input line 169.
(pdftex.def)             Requested size: 341.43613pt x 115.54521pt.
) [20 <./Figuras/swell1.jpg> <./Figuras/swell2.jpg>]
\openout2 = `./Capitulos/capitulo3.aux'.


(Capitulos/capitulo3.tex
Cap\'{\i }tulo 3.
<./Figuras/equipamento4.jpg, id=88, 1183.42125pt x 813.0375pt>
File: ./Figuras/equipamento4.jpg Graphic file (type jpg)

<use ./Figuras/equipamento4.jpg>
Package pdftex.def Info: ./Figuras/equipamento4.jpg used on input line 22.
(pdftex.def)             Requested size: 341.4318pt x 234.57146pt.
 [21



] [22 <./Figuras/equipamento4.jpg>]
<./Figuras/cerebot.png, id=95, 711.65875pt x 570.13pt>
File: ./Figuras/cerebot.png Graphic file (type png)

<use ./Figuras/cerebot.png>
Package pdftex.def Info: ./Figuras/cerebot.png used on input line 68.
(pdftex.def)             Requested size: 213.08662pt x 170.70973pt.

<./Figuras/cerebotDiagram.png, id=96, 641.39626pt x 466.74374pt>
File: ./Figuras/cerebotDiagram.png Graphic file (type png)

<use ./Figuras/cerebotDiagram.png>
Package pdftex.def Info: ./Figuras/cerebotDiagram.png used on input line 77.
(pdftex.def)             Requested size: 227.61407pt x 165.63464pt.
 [23 <./Figuras/cerebot.png>]
Overfull \hbox (11.77377pt too wide) in paragraph at lines 84--87
[]\OT1/ptm/m/n/12 O de-sen-vol-vi-mento da placa de medi[][]ao trif[]asica, uti
-li-zada neste tra-ba-lho para a aquisi[][]ao
 []

<./Figuras/placamedicao.jpg, id=100, 707.64375pt x 430.60875pt>
File: ./Figuras/placamedicao.jpg Graphic file (type jpg)

<use ./Figuras/placamedicao.jpg>
Package pdftex.def Info: ./Figuras/placamedicao.jpg used on input line 91.
(pdftex.def)             Requested size: 341.43597pt x 207.76741pt.
 [24 <./Figuras/cerebotDiagram.png> <./Figuras/placamedicao.jpg>] <./Figuras/AD
E7758.png, id=105, 532.99126pt x 541.02126pt>
File: ./Figuras/ADE7758.png Graphic file (type png)

<use ./Figuras/ADE7758.png>
Package pdftex.def Info: ./Figuras/ADE7758.png used on input line 100.
(pdftex.def)             Requested size: 168.17778pt x 170.71153pt.

<./Figuras/eletrico1.jpg, id=106, 642.14906pt x 431.36156pt>
File: ./Figuras/eletrico1.jpg Graphic file (type jpg)

<use ./Figuras/eletrico1.jpg>
Package pdftex.def Info: ./Figuras/eletrico1.jpg used on input line 109.
(pdftex.def)             Requested size: 341.4446pt x 229.3643pt.
 [25 <./Figuras/ADE7758.png> <./Figuras/eletrico1.jpg>] [26] <./Figuras/SPI_1.j
pg, id=114, 613.54219pt x 160.34906pt>
File: ./Figuras/SPI_1.jpg Graphic file (type jpg)

<use ./Figuras/SPI_1.jpg>
Package pdftex.def Info: ./Figuras/SPI_1.jpg used on input line 145.
(pdftex.def)             Requested size: 284.52649pt x 74.3609pt.

<./Figuras/SPI_2.jpg, id=115, 803.25093pt x 402.00188pt>
File: ./Figuras/SPI_2.jpg Graphic file (type jpg)

<use ./Figuras/SPI_2.jpg>
Package pdftex.def Info: ./Figuras/SPI_2.jpg used on input line 152.
(pdftex.def)             Requested size: 284.53711pt x 142.40189pt.

Overfull \hbox (2.49913pt too wide) in paragraph at lines 156--157
[]\OT1/ptm/m/n/12 Como men-ci-o-nado an-te-ri-or-mente, o mi-cro-con-tro-la-dor
 PIC32MX795F512L pos-sui qua-
 []

[27 <./Figuras/SPI_1.jpg> <./Figuras/SPI_2.jpg>]
<./Figuras/eletrico2.jpg, id=119, 672.26157pt x 521.69907pt>
File: ./Figuras/eletrico2.jpg Graphic file (type jpg)

<use ./Figuras/eletrico2.jpg>
Package pdftex.def Info: ./Figuras/eletrico2.jpg used on input line 163.
(pdftex.def)             Requested size: 398.34395pt x 309.12918pt.

<./Figuras/inferior.jpg, id=120, 670.75594pt x 342.5297pt>
File: ./Figuras/inferior.jpg Graphic file (type jpg)

<use ./Figuras/inferior.jpg>
Package pdftex.def Info: ./Figuras/inferior.jpg used on input line 172.
(pdftex.def)             Requested size: 341.42596pt x 174.35333pt.
 [28 <./Figuras/eletrico2.jpg>]
Overfull \hbox (7.68753pt too wide) in paragraph at lines 180--181
\OT1/ptm/m/n/12 detec[][]ao dos even-tos de varia[][]oes de tens[]ao de curta d
ura[][]ao, classificando-os e disponibilizando-
 []

<./Figuras/fluxograma.jpg, id=124, 756.57657pt x 425.33907pt>
File: ./Figuras/fluxograma.jpg Graphic file (type jpg)

<use ./Figuras/fluxograma.jpg>
Package pdftex.def Info: ./Figuras/fluxograma.jpg used on input line 195.
(pdftex.def)             Requested size: 341.43758pt x 191.95247pt.
 [29 <./Figuras/inferior.jpg>]
<./Figuras/irq.JPG, id=128, 450.18187pt x 313.9228pt>
File: ./Figuras/irq.JPG Graphic file (type jpg)
 <use ./Figuras/irq.JPG>
Package pdftex.def Info: ./Figuras/irq.JPG used on input line 211.
(pdftex.def)             Requested size: 284.53654pt x 198.41428pt.

[30 <./Figuras/fluxograma.jpg>] [31 <./Figuras/irq.JPG>]
Overfull \hbox (3.41379pt too wide) in paragraph at lines 249--250
[][]\OT1/ptm/m/n/12 E feita a lei-tura do re-gis-tra-dor cor-res-pon-dente []a 
fase de tens[]ao de-se-jada (AVRMS, BVRMS
 []

<./Figuras/getAVRMS.jpeg, id=136, 224.94037pt x 376.25569pt>
File: ./Figuras/getAVRMS.jpeg Graphic file (type jpg)

<use ./Figuras/getAVRMS.jpeg>
Package pdftex.def Info: ./Figuras/getAVRMS.jpeg used on input line 259.
(pdftex.def)             Requested size: 170.10179pt x 284.52773pt.
 [32 <./Figuras/getAVRMS.jpeg>]
<./Figuras/TIMER2.jpeg, id=140, 921.4425pt x 180.675pt>
File: ./Figuras/TIMER2.jpeg Graphic file (type jpg)

<use ./Figuras/TIMER2.jpeg>
Package pdftex.def Info: ./Figuras/TIMER2.jpeg used on input line 268.
(pdftex.def)             Requested size: 455.2367pt x 89.26208pt.
 [33 <./Figuras/TIMER2.jpeg>]
<./Figuras/TIMER3.jpeg, id=144, 561.44756pt x 473.82019pt>
File: ./Figuras/TIMER3.jpeg Graphic file (type jpg)

<use ./Figuras/TIMER3.jpeg>
Package pdftex.def Info: ./Figuras/TIMER3.jpeg used on input line 305.
(pdftex.def)             Requested size: 341.43733pt x 288.14784pt.
 [34 <./Figuras/TIMER3.jpeg>]) [35]
\openout2 = `./Capitulos/capitulo4.aux'.


(Capitulos/capitulo4.tex
Cap\'{\i }tulo 4.
<./Figuras/TCP_IP.jpg, id=151, 380.92313pt x 547.2947pt>
File: ./Figuras/TCP_IP.jpg Graphic file (type jpg)

<use ./Figuras/TCP_IP.jpg>
Package pdftex.def Info: ./Figuras/TCP_IP.jpg used on input line 16.
(pdftex.def)             Requested size: 118.82312pt x 170.72017pt.
 [36



 <./Figuras/TCP_IP.jpg>]
<./Figuras/pilhatcp.jpg, id=156, 772.38562pt x 353.06906pt>
File: ./Figuras/pilhatcp.jpg Graphic file (type jpg)

<use ./Figuras/pilhatcp.jpg>
Package pdftex.def Info: ./Figuras/pilhatcp.jpg used on input line 25.
(pdftex.def)             Requested size: 341.43pt x 156.07277pt.
 [37 <./Figuras/pilhatcp.jpg>]
<./Figuras/arquiteturaethernet.jpg, id=160, 401.24907pt x 426.84468pt>
File: ./Figuras/arquiteturaethernet.jpg Graphic file (type jpg)

<use ./Figuras/arquiteturaethernet.jpg>
Package pdftex.def Info: ./Figuras/arquiteturaethernet.jpg used on input line 4
2.
(pdftex.def)             Requested size: 160.48453pt x 170.72182pt.

<./Figuras/ethernet.jpg, id=161, 427.5975pt x 267.24844pt>
File: ./Figuras/ethernet.jpg Graphic file (type jpg)

<use ./Figuras/ethernet.jpg>
Package pdftex.def Info: ./Figuras/ethernet.jpg used on input line 54.
(pdftex.def)             Requested size: 227.61732pt x 142.26083pt.
 [38 <./Figuras/arquiteturaethernet.jpg> <./Figuras/ethernet.jpg>] <./Figuras/h
ercules2.jpg, id=165, 905.63344pt x 437.38406pt>
File: ./Figuras/hercules2.jpg Graphic file (type jpg)

<use ./Figuras/hercules2.jpg>
Package pdftex.def Info: ./Figuras/hercules2.jpg used on input line 65.
(pdftex.def)             Requested size: 398.32794pt x 192.37616pt.
 [39 <./Figuras/hercules2.jpg>]
<./Figuras/CDT.jpg, id=169, 545.03625pt x 418.56375pt>
File: ./Figuras/CDT.jpg Graphic file (type jpg)
 <use ./Figuras/CDT.jpg>
Package pdftex.def Info: ./Figuras/CDT.jpg used on input line 81.
(pdftex.def)             Requested size: 284.52658pt x 218.50383pt.

Overfull \hbox (3.41031pt too wide) in paragraph at lines 85--86
[]\OT1/ptm/m/n/12 A men-sa-gem deve ini-ciar com os ca-rac-te-res "CDT", em cai
xa alta, in-di-cando a opera[][]ao
 []

<./Figuras/VDT.jpg, id=170, 573.64313pt x 473.51906pt>
File: ./Figuras/VDT.jpg Graphic file (type jpg)
 <use ./Figuras/VDT.jpg>
Package pdftex.def Info: ./Figuras/VDT.jpg used on input line 94.
(pdftex.def)             Requested size: 284.52754pt x 234.8659pt.

[40 <./Figuras/CDT.jpg>] <./Figuras/fa.jpg, id=174, 745.28438pt x 482.55281pt>
File: ./Figuras/fa.jpg Graphic file (type jpg)

<use ./Figuras/fa.jpg>
Package pdftex.def Info: ./Figuras/fa.jpg used on input line 106.
(pdftex.def)             Requested size: 284.5188pt x 184.21872pt.
) [41 <./Figuras/VDT.jpg> <./Figuras/fa.jpg>]
\openout2 = `./Capitulos/capitulo5.aux'.


(Capitulos/capitulo5.tex
Cap\'{\i }tulo 5.
<./Figuras/variac2.jpg, id=178, 1583.9175pt x 1746.525pt>
File: ./Figuras/variac2.jpg Graphic file (type jpg)

<use ./Figuras/variac2.jpg>
Package pdftex.def Info: ./Figuras/variac2.jpg used on input line 14.
(pdftex.def)             Requested size: 154.7999pt x 170.69191pt.
 [42



 <./Figuras/variac2.jpg>]
<./Figuras/equipamento5.jpg, id=183, 4222.77625pt x 2761.31625pt>
File: ./Figuras/equipamento5.jpg Graphic file (type jpg)

<use ./Figuras/equipamento5.jpg>
Package pdftex.def Info: ./Figuras/equipamento5.jpg used on input line 41.
(pdftex.def)             Requested size: 284.4774pt x 186.02266pt.
 [43 <./Figuras/equipamento5.jpg>]
<./Figuras/Resultados/Eventos_ABC_7_InterrupcaoM.jpg, id=187, 551.05875pt x 326
.72063pt>
File: ./Figuras/Resultados/Eventos_ABC_7_InterrupcaoM.jpg Graphic file (type jp
g)
 <use ./Figuras/Resultados/Eventos_ABC_7_InterrupcaoM.jpg>
Package pdftex.def Info: ./Figuras/Resultados/Eventos_ABC_7_InterrupcaoM.jpg us
ed on input line 83.
(pdftex.def)             Requested size: 341.44267pt x 202.44005pt.

<./Figuras/Resultados/Eventos_ABC_6_Interrupcao_ITT_8580s.jpg, id=188, 546.5418
7pt x 323.70938pt>
File: ./Figuras/Resultados/Eventos_ABC_6_Interrupcao_ITT_8580s.jpg Graphic file
 (type jpg)

<use ./Figuras/Resultados/Eventos_ABC_6_Interrupcao_ITT_8580s.jpg>
Package pdftex.def Info: ./Figuras/Resultados/Eventos_ABC_6_Interrupcao_ITT_858
0s.jpg used on input line 90.
(pdftex.def)             Requested size: 341.43771pt x 202.22894pt.
 [44 <./Figuras/Resultados/Eventos_ABC_7_InterrupcaoM.jpg> <./Figuras/Resultado
s/Eventos_ABC_6_Interrupcao_ITT_8580s.jpg>]
<./Figuras/Resultados/FaseB/Eventos_FaseB_4_AMT.jpg, id=192, 627.09282pt x 377.
15906pt>
File: ./Figuras/Resultados/FaseB/Eventos_FaseB_4_AMT.jpg Graphic file (type jpg
)
 <use ./Figuras/Resultados/FaseB/Eventos_FaseB_4_AMT.jpg>
Package pdftex.def Info: ./Figuras/Resultados/FaseB/Eventos_FaseB_4_AMT.jpg use
d on input line 101.
(pdftex.def)             Requested size: 341.44783pt x 205.36058pt.

<./Figuras/Resultados/AMT_2025s.jpg, id=193, 832.61063pt x 284.56313pt>
File: ./Figuras/Resultados/AMT_2025s.jpg Graphic file (type jpg)

<use ./Figuras/Resultados/AMT_2025s.jpg>
Package pdftex.def Info: ./Figuras/Resultados/AMT_2025s.jpg used on input line 
108.
(pdftex.def)             Requested size: 341.4361pt x 116.69334pt.

<./Figuras/Resultados/FaseA/Eventos_FaseA_5_AMT.jpg, id=194, 531.48563pt x 269.
50688pt>
File: ./Figuras/Resultados/FaseA/Eventos_FaseA_5_AMT.jpg Graphic file (type jpg
)
 <use ./Figuras/Resultados/FaseA/Eventos_FaseA_5_AMT.jpg>
Package pdftex.def Info: ./Figuras/Resultados/FaseA/Eventos_FaseA_5_AMT.jpg use
d on input line 115.
(pdftex.def)             Requested size: 341.4391pt x 173.13766pt.
 [45 <./Figuras/Resultados/FaseB/Eventos_FaseB_4_AMT.jpg> <./Figuras/Resultados
/AMT_2025s.jpg>] <./Figuras/Resultados/ATT_3840s.jpg, id=198, 829.59938pt x 297
.36093pt>
File: ./Figuras/Resultados/ATT_3840s.jpg Graphic file (type jpg)

<use ./Figuras/Resultados/ATT_3840s.jpg>
Package pdftex.def Info: ./Figuras/Resultados/ATT_3840s.jpg used on input line 
126.
(pdftex.def)             Requested size: 341.42914pt x 122.38158pt.

<./Figuras/Resultados/ATT_4110s.jpg, id=199, 837.1275pt x 286.06876pt>
File: ./Figuras/Resultados/ATT_4110s.jpg Graphic file (type jpg)

<use ./Figuras/Resultados/ATT_4110s.jpg>
Package pdftex.def Info: ./Figuras/Resultados/ATT_4110s.jpg used on input line 
133.
(pdftex.def)             Requested size: 341.42343pt x 116.67348pt.
 [46 <./Figuras/Resultados/FaseA/Eventos_FaseA_5_AMT.jpg> <./Figuras/Resultados
/ATT_3840s.jpg> <./Figuras/Resultados/ATT_4110s.jpg>]
<./Figuras/Resultados/FaseA/Eventos_FaseA_6_EMT.jpg, id=203, 626.34pt x 374.900
62pt>
File: ./Figuras/Resultados/FaseA/Eventos_FaseA_6_EMT.jpg Graphic file (type jpg
)
 <use ./Figuras/Resultados/FaseA/Eventos_FaseA_6_EMT.jpg>
Package pdftex.def Info: ./Figuras/Resultados/FaseA/Eventos_FaseA_6_EMT.jpg use
d on input line 144.
(pdftex.def)             Requested size: 341.43932pt x 204.37112pt.

<./Figuras/Resultados/FaseA/Eventos_FaseA_4_EMT.jpg, id=204, 537.50812pt x 249.
93375pt>
File: ./Figuras/Resultados/FaseA/Eventos_FaseA_4_EMT.jpg Graphic file (type jpg
)
 <use ./Figuras/Resultados/FaseA/Eventos_FaseA_4_EMT.jpg>
Package pdftex.def Info: ./Figuras/Resultados/FaseA/Eventos_FaseA_4_EMT.jpg use
d on input line 151.
(pdftex.def)             Requested size: 341.43689pt x 158.76337pt.

<./Figuras/Resultados/EMT_0735s.jpg, id=205, 845.40843pt x 285.31593pt>
File: ./Figuras/Resultados/EMT_0735s.jpg Graphic file (type jpg)

<use ./Figuras/Resultados/EMT_0735s.jpg>
Package pdftex.def Info: ./Figuras/Resultados/EMT_0735s.jpg used on input line 
158.
(pdftex.def)             Requested size: 341.42105pt x 115.2258pt.
 [47 <./Figuras/Resultados/FaseA/Eventos_FaseA_6_EMT.jpg> <./Figuras/Resultados
/FaseA/Eventos_FaseA_4_EMT.jpg>]
<./Figuras/Resultados/EMT_2336s.jpg, id=209, 836.3747pt x 291.33844pt>
File: ./Figuras/Resultados/EMT_2336s.jpg Graphic file (type jpg)

<use ./Figuras/Resultados/EMT_2336s.jpg>
Package pdftex.def Info: ./Figuras/Resultados/EMT_2336s.jpg used on input line 
165.
(pdftex.def)             Requested size: 341.43546pt x 118.93385pt.

<./Figuras/Resultados/EMT_2940s.jpg, id=210, 838.63312pt x 285.31593pt>
File: ./Figuras/Resultados/EMT_2940s.jpg Graphic file (type jpg)

<use ./Figuras/Resultados/EMT_2940s.jpg>
Package pdftex.def Info: ./Figuras/Resultados/EMT_2940s.jpg used on input line 
172.
(pdftex.def)             Requested size: 341.42326pt x 116.15746pt.

<./Figuras/Resultados/FaseB/Eventos_FaseB_3_ETT.jpg, id=211, 624.83438pt x 375.
65344pt>
File: ./Figuras/Resultados/FaseB/Eventos_FaseB_3_ETT.jpg Graphic file (type jpg
)
 <use ./Figuras/Resultados/FaseB/Eventos_FaseB_3_ETT.jpg>
Package pdftex.def Info: ./Figuras/Resultados/FaseB/Eventos_FaseB_3_ETT.jpg use
d on input line 183.
(pdftex.def)             Requested size: 341.4385pt x 205.27446pt.
 [48 <./Figuras/Resultados/EMT_0735s.jpg> <./Figuras/Resultados/EMT_2336s.jpg> 
<./Figuras/Resultados/EMT_2940s.jpg>]
<./Figuras/Resultados/FaseA/Eventos_FaseA_2_Buffer.jpg, id=216, 508.90125pt x 3
20.69812pt>
File: ./Figuras/Resultados/FaseA/Eventos_FaseA_2_Buffer.jpg Graphic file (type 
jpg)
 <use ./Figuras/Resultados/FaseA/Eventos_FaseA_2_Buffer.jpg>
Package pdftex.def Info: ./Figuras/Resultados/FaseA/Eventos_FaseA_2_Buffer.jpg 
used on input line 198.
(pdftex.def)             Requested size: 341.44351pt x 215.17001pt.

[49 <./Figuras/Resultados/FaseB/Eventos_FaseB_3_ETT.jpg>]
<./Figuras/Resultados/FaseA/Eventos_FaseA_3_Buffer.jpg, id=220, 548.0475pt x 29
9.61937pt>
File: ./Figuras/Resultados/FaseA/Eventos_FaseA_3_Buffer.jpg Graphic file (type 
jpg)
 <use ./Figuras/Resultados/FaseA/Eventos_FaseA_3_Buffer.jpg>
Package pdftex.def Info: ./Figuras/Resultados/FaseA/Eventos_FaseA_3_Buffer.jpg 
used on input line 205.
(pdftex.def)             Requested size: 341.44171pt x 186.6673pt.

<./Figuras/Resultados/FaseA/Eventos_FaseA_7_Buffer.jpg, id=221, 628.59843pt x 3
62.85562pt>
File: ./Figuras/Resultados/FaseA/Eventos_FaseA_7_Buffer.jpg Graphic file (type 
jpg)
 <use ./Figuras/Resultados/FaseA/Eventos_FaseA_7_Buffer.jpg>
Package pdftex.def Info: ./Figuras/Resultados/FaseA/Eventos_FaseA_7_Buffer.jpg 
used on input line 212.
(pdftex.def)             Requested size: 341.43315pt x 197.09076pt.

[50 <./Figuras/Resultados/FaseA/Eventos_FaseA_2_Buffer.jpg> <./Figuras/Resultad
os/FaseA/Eventos_FaseA_3_Buffer.jpg>]
<./Figuras/Resultados/FaseB/Eventos_FaseB_2_Buffer.jpg, id=225, 522.45187pt x 3
38.01282pt>
File: ./Figuras/Resultados/FaseB/Eventos_FaseB_2_Buffer.jpg Graphic file (type 
jpg)
 <use ./Figuras/Resultados/FaseB/Eventos_FaseB_2_Buffer.jpg>
Package pdftex.def Info: ./Figuras/Resultados/FaseB/Eventos_FaseB_2_Buffer.jpg 
used on input line 219.
(pdftex.def)             Requested size: 341.43918pt x 220.9023pt.

<./Figuras/Resultados/FaseB/Eventos_FaseB_5_Buffer.jpg, id=226, 621.82312pt x 3
82.42876pt>
File: ./Figuras/Resultados/FaseB/Eventos_FaseB_5_Buffer.jpg Graphic file (type 
jpg)
 <use ./Figuras/Resultados/FaseB/Eventos_FaseB_5_Buffer.jpg>
Package pdftex.def Info: ./Figuras/Resultados/FaseB/Eventos_FaseB_5_Buffer.jpg 
used on input line 226.
(pdftex.def)             Requested size: 341.43448pt x 209.98633pt.

[51 <./Figuras/Resultados/FaseA/Eventos_FaseA_7_Buffer.jpg> <./Figuras/Resultad
os/FaseB/Eventos_FaseB_2_Buffer.jpg>]
<./Figuras/Resultados/FaseC/Eventos_FaseC_3_Buffer.jpg, id=230, 627.84563pt x 3
57.58594pt>
File: ./Figuras/Resultados/FaseC/Eventos_FaseC_3_Buffer.jpg Graphic file (type 
jpg)
 <use ./Figuras/Resultados/FaseC/Eventos_FaseC_3_Buffer.jpg>
Package pdftex.def Info: ./Figuras/Resultados/FaseC/Eventos_FaseC_3_Buffer.jpg 
used on input line 233.
(pdftex.def)             Requested size: 341.42662pt x 194.4576pt.

<./Figuras/Resultados/FaseC/Eventos_FaseC_2_Buffer.jpg, id=231, 546.54187pt x 3
82.42876pt>
File: ./Figuras/Resultados/FaseC/Eventos_FaseC_2_Buffer.jpg Graphic file (type 
jpg)
 <use ./Figuras/Resultados/FaseC/Eventos_FaseC_2_Buffer.jpg>
Package pdftex.def Info: ./Figuras/Resultados/FaseC/Eventos_FaseC_2_Buffer.jpg 
used on input line 240.
(pdftex.def)             Requested size: 341.43771pt x 238.91234pt.

[52 <./Figuras/Resultados/FaseB/Eventos_FaseB_5_Buffer.jpg> <./Figuras/Resultad
os/FaseC/Eventos_FaseC_3_Buffer.jpg>]
<./Figuras/Resultados/Eventos_ABC_8_InterrupcaoM.jpg, id=235, 628.59843pt x 362
.85562pt>
File: ./Figuras/Resultados/Eventos_ABC_8_InterrupcaoM.jpg Graphic file (type jp
g)
 <use ./Figuras/Resultados/Eventos_ABC_8_InterrupcaoM.jpg>
Package pdftex.def Info: ./Figuras/Resultados/Eventos_ABC_8_InterrupcaoM.jpg us
ed on input line 247.
(pdftex.def)             Requested size: 341.43315pt x 197.09076pt.

<./Figuras/Resultados/Direto_na_Rede/Eventos_ABC_9.jpg, id=236, 639.89063pt x 4
81.04718pt>
File: ./Figuras/Resultados/Direto_na_Rede/Eventos_ABC_9.jpg Graphic file (type 
jpg)
 <use ./Figuras/Resultados/Direto_na_Rede/Eventos_ABC_9.jpg>
Package pdftex.def Info: ./Figuras/Resultados/Direto_na_Rede/Eventos_ABC_9.jpg 
used on input line 258.
(pdftex.def)             Requested size: 341.43494pt x 256.67873pt.
)
[53 <./Figuras/Resultados/FaseC/Eventos_FaseC_2_Buffer.jpg> <./Figuras/Resultad
os/Eventos_ABC_8_InterrupcaoM.jpg>] [54 <./Figuras/Resultados/Direto_na_Rede/Ev
entos_ABC_9.jpg>]
\openout2 = `./Capitulos/capitulo6.aux'.

 (Capitulos/capitulo6.tex
Cap\'{\i }tulo 6.
[55



] [56]) [57] (modelo_utfpr.bbl
Underfull \hbox (badness 3078) in paragraph at lines 105--108
[]\OT1/ptm/m/n/12 MICROCHIP TE-CH-NO-LOGY IN-COR-PO-RA-TED. \OT1/ptm/b/n/12 Sec
-tion 35 - Ether-net Con-trol-ler
 []

[58


]) 
AED: lastpage setting LastPage
[59]
+-------------------------------------------------------------------+
| Comentario, sugestao ou critica sobre o abnTeX? Entre em contato: |
|                  http://abntex.codigolivre.org.br                 |
+-------------------------------------------------------------------+
(modelo_utfpr.aux (Capitulos/capitulo1.aux) (Capitulos/capitulo2.aux)
(Capitulos/capitulo3.aux) (Capitulos/capitulo4.aux) (Capitulos/capitulo5.aux)
(Capitulos/capitulo6.aux))

LaTeX Warning: There were multiply-defined labels.

 ) 
Here is how much of TeX's memory you used:
 5584 strings out of 493323
 80814 string characters out of 3139114
 166400 words of memory out of 3000000
 8808 multiletter control sequences out of 15000+200000
 40243 words of font info for 91 fonts, out of 3000000 for 9000
 1141 hyphenation exceptions out of 8191
 39i,17n,45p,1011b,509s stack positions out of 5000i,500n,10000p,200000b,50000s
{C:/Program Files/MiKTeX 2.9/fonts/enc/dvips/base/8r.enc}<C:/Program Files/Mi
KTeX 2.9/fonts/type1/public/amsfonts/cm/cmmi10.pfb><C:/Program Files/MiKTeX 2.9
/fonts/type1/public/amsfonts/cm/cmr10.pfb><C:/Program Files/MiKTeX 2.9/fonts/ty
pe1/public/amsfonts/cm/cmsy10.pfb><C:/Program Files/MiKTeX 2.9/fonts/type1/urw/
symbol/usyr.pfb><C:/Program Files/MiKTeX 2.9/fonts/type1/urw/times/utmb8a.pfb><
C:/Program Files/MiKTeX 2.9/fonts/type1/urw/times/utmr8a.pfb><C:/Program Files/
MiKTeX 2.9/fonts/type1/urw/times/utmri8a.pfb>
Output written on modelo_utfpr.pdf (60 pages, 7719862 bytes).
PDF statistics:
 285 PDF objects out of 1000 (max. 8388607)
 0 named destinations out of 1000 (max. 500000)
 286 words of extra memory for PDF output out of 10000 (max. 10000000)

